<?xml version="1.0" encoding="UTF-8"?>
<!-- Generated by org.testng.reporters.JUnitReportReporter -->
<testsuite skipped="31" hostname="D102532" name="news.co.uk.Main.Automation" tests="35" failures="0" timestamp="28 Oct 2016 12:03:28 GMT" time="0.016" errors="4">
  <testcase name="selecting_template" time="0.000" classname="news.co.uk.Main.Automation">
    <error type="org.testng.TestNGException" message="
Method selecting_template requires 2 parameters but 0 were supplied in the @Test annotation.">
      <![CDATA[org.testng.TestNGException: 
Method selecting_template requires 2 parameters but 0 were supplied in the @Test annotation.
	at org.testng.internal.Parameters.checkParameterTypes(Parameters.java:193)
	at org.testng.internal.Parameters.createParameters(Parameters.java:129)
	at org.testng.internal.Parameters.createParameters(Parameters.java:385)
	at org.testng.internal.Parameters.handleParameters(Parameters.java:495)
	at org.testng.internal.Invoker.handleParameters(Invoker.java:1253)
	at org.testng.internal.Invoker.createParameters(Invoker.java:980)
	at org.testng.internal.Invoker.invokeTestMethods(Invoker.java:1070)
	at org.testng.internal.TestMethodWorker.invokeTestMethods(TestMethodWorker.java:129)
	at org.testng.internal.TestMethodWorker.run(TestMethodWorker.java:112)
	at org.testng.TestRunner.privateRun(TestRunner.java:753)
	at org.testng.TestRunner.run(TestRunner.java:607)
	at org.testng.SuiteRunner.runTest(SuiteRunner.java:368)
	at org.testng.SuiteRunner.runSequentially(SuiteRunner.java:363)
	at org.testng.SuiteRunner.privateRun(SuiteRunner.java:321)
	at org.testng.SuiteRunner.run(SuiteRunner.java:270)
	at org.testng.SuiteRunnerWorker.runSuite(SuiteRunnerWorker.java:52)
	at org.testng.SuiteRunnerWorker.run(SuiteRunnerWorker.java:86)
	at org.testng.TestNG.runSuitesSequentially(TestNG.java:1284)
	at org.testng.TestNG.runSuitesLocally(TestNG.java:1209)
	at org.testng.TestNG.runSuites(TestNG.java:1124)
	at org.testng.TestNG.run(TestNG.java:1096)
	at org.testng.remote.AbstractRemoteTestNG.run(AbstractRemoteTestNG.java:132)
	at org.testng.remote.RemoteTestNG.initAndRun(RemoteTestNG.java:236)
	at org.testng.remote.RemoteTestNG.main(RemoteTestNG.java:81)
]]>
    </error>
  </testcase> <!-- selecting_template -->
  <testcase name="candidate_browser" time="0.001" classname="news.co.uk.Main.Automation">
    <skipped/>
  </testcase> <!-- candidate_browser -->
  <testcase name="preview_publish" time="0.001" classname="news.co.uk.Main.Automation">
    <skipped/>
  </testcase> <!-- preview_publish -->
  <testcase name="template_selection_secondary_2_2" time="0.000" classname="news.co.uk.Main.Automation">
    <skipped/>
  </testcase> <!-- template_selection_secondary_2_2 -->
  <testcase name="login" time="0.000" classname="news.co.uk.Main.Automation">
    <skipped/>
  </testcase> <!-- login -->
  <testcase name="chromeiniti" time="0.000" classname="news.co.uk.Main.Automation">
    <skipped/>
  </testcase> <!-- chromeiniti -->
  <testcase name="mod" time="0.000" classname="news.co.uk.Main.Automation">
    <skipped/>
  </testcase> <!-- mod -->
  <testcase name="preparing_story" time="0.000" classname="news.co.uk.Main.Automation">
    <error type="org.testng.TestNGException" message="
Method preparing_story requires 3 parameters but 0 were supplied in the @Test annotation.">
      <![CDATA[org.testng.TestNGException: 
Method preparing_story requires 3 parameters but 0 were supplied in the @Test annotation.
	at org.testng.internal.Parameters.checkParameterTypes(Parameters.java:193)
	at org.testng.internal.Parameters.createParameters(Parameters.java:129)
	at org.testng.internal.Parameters.createParameters(Parameters.java:385)
	at org.testng.internal.Parameters.handleParameters(Parameters.java:495)
	at org.testng.internal.Invoker.handleParameters(Invoker.java:1253)
	at org.testng.internal.Invoker.createParameters(Invoker.java:980)
	at org.testng.internal.Invoker.invokeTestMethods(Invoker.java:1070)
	at org.testng.internal.TestMethodWorker.invokeTestMethods(TestMethodWorker.java:129)
	at org.testng.internal.TestMethodWorker.run(TestMethodWorker.java:112)
	at org.testng.TestRunner.privateRun(TestRunner.java:753)
	at org.testng.TestRunner.run(TestRunner.java:607)
	at org.testng.SuiteRunner.runTest(SuiteRunner.java:368)
	at org.testng.SuiteRunner.runSequentially(SuiteRunner.java:363)
	at org.testng.SuiteRunner.privateRun(SuiteRunner.java:321)
	at org.testng.SuiteRunner.run(SuiteRunner.java:270)
	at org.testng.SuiteRunnerWorker.runSuite(SuiteRunnerWorker.java:52)
	at org.testng.SuiteRunnerWorker.run(SuiteRunnerWorker.java:86)
	at org.testng.TestNG.runSuitesSequentially(TestNG.java:1284)
	at org.testng.TestNG.runSuitesLocally(TestNG.java:1209)
	at org.testng.TestNG.runSuites(TestNG.java:1124)
	at org.testng.TestNG.run(TestNG.java:1096)
	at org.testng.remote.AbstractRemoteTestNG.run(AbstractRemoteTestNG.java:132)
	at org.testng.remote.RemoteTestNG.initAndRun(RemoteTestNG.java:236)
	at org.testng.remote.RemoteTestNG.main(RemoteTestNG.java:81)
]]>
    </error>
  </testcase> <!-- preparing_story -->
  <testcase name="driverclose" time="0.000" classname="news.co.uk.Main.Automation">
    <skipped/>
  </testcase> <!-- driverclose -->
  <testcase name="q_metadata" time="0.000" classname="news.co.uk.Main.Automation">
    <skipped/>
  </testcase> <!-- q_metadata -->
  <testcase name="workflowdone_layout" time="0.000" classname="news.co.uk.Main.Automation">
    <skipped/>
  </testcase> <!-- workflowdone_layout -->
  <testcase name="adding_label" time="0.001" classname="news.co.uk.Main.Automation">
    <skipped/>
  </testcase> <!-- adding_label -->
  <testcase name="beforeMethod" time="0.000" classname="news.co.uk.Main.Automation">
    <error type="org.testng.TestNGException" message="
Method beforeMethod requires 2 parameters but 0 were supplied in the @Configuration annotation.">
      <![CDATA[org.testng.TestNGException: 
Method beforeMethod requires 2 parameters but 0 were supplied in the @Configuration annotation.
	at org.testng.internal.Parameters.checkParameterTypes(Parameters.java:193)
	at org.testng.internal.Parameters.createParameters(Parameters.java:129)
	at org.testng.internal.Parameters.createParameters(Parameters.java:385)
	at org.testng.internal.Parameters.createConfigurationParameters(Parameters.java:86)
	at org.testng.internal.Invoker.invokeConfigurations(Invoker.java:202)
	at org.testng.internal.Invoker.invokeMethod(Invoker.java:590)
	at org.testng.internal.Invoker.invokeTestMethod(Invoker.java:811)
	at org.testng.internal.Invoker.invokeTestMethods(Invoker.java:1137)
	at org.testng.internal.TestMethodWorker.invokeTestMethods(TestMethodWorker.java:129)
	at org.testng.internal.TestMethodWorker.run(TestMethodWorker.java:112)
	at org.testng.TestRunner.privateRun(TestRunner.java:753)
	at org.testng.TestRunner.run(TestRunner.java:607)
	at org.testng.SuiteRunner.runTest(SuiteRunner.java:368)
	at org.testng.SuiteRunner.runSequentially(SuiteRunner.java:363)
	at org.testng.SuiteRunner.privateRun(SuiteRunner.java:321)
	at org.testng.SuiteRunner.run(SuiteRunner.java:270)
	at org.testng.SuiteRunnerWorker.runSuite(SuiteRunnerWorker.java:52)
	at org.testng.SuiteRunnerWorker.run(SuiteRunnerWorker.java:86)
	at org.testng.TestNG.runSuitesSequentially(TestNG.java:1284)
	at org.testng.TestNG.runSuitesLocally(TestNG.java:1209)
	at org.testng.TestNG.runSuites(TestNG.java:1124)
	at org.testng.TestNG.run(TestNG.java:1096)
	at org.testng.remote.AbstractRemoteTestNG.run(AbstractRemoteTestNG.java:132)
	at org.testng.remote.RemoteTestNG.initAndRun(RemoteTestNG.java:236)
	at org.testng.remote.RemoteTestNG.main(RemoteTestNG.java:81)
]]>
    </error>
  </testcase> <!-- beforeMethod -->
  <testcase name="storypreparationclose" time="0.000" classname="news.co.uk.Main.Automation">
    <skipped/>
  </testcase> <!-- storypreparationclose -->
  <testcase name="PublishingSystem" time="0.001" classname="news.co.uk.Main.Automation">
    <skipped/>
  </testcase> <!-- PublishingSystem -->
  <testcase name="digitalpageclose" time="0.000" classname="news.co.uk.Main.Automation">
    <skipped/>
  </testcase> <!-- digitalpageclose -->
  <testcase name="currentimestamp" time="0.001" classname="news.co.uk.Main.Automation">
    <skipped/>
  </testcase> <!-- currentimestamp -->
  <testcase name="Edition" time="0.001" classname="news.co.uk.Main.Automation">
    <skipped/>
  </testcase> <!-- Edition -->
  <testcase name="workflow_layout" time="0.000" classname="news.co.uk.Main.Automation">
    <skipped/>
  </testcase> <!-- workflow_layout -->
  <testcase name="channelcopy" time="0.001" classname="news.co.uk.Main.Automation">
    <skipped/>
  </testcase> <!-- channelcopy -->
  <testcase name="template_selection_lead_1_and_1" time="0.001" classname="news.co.uk.Main.Automation">
    <skipped/>
  </testcase> <!-- template_selection_lead_1_and_1 -->
  <testcase name="digital" time="0.000" classname="news.co.uk.Main.Automation">
    <skipped/>
  </testcase> <!-- digital -->
  <testcase name="update_ps" time="0.001" classname="news.co.uk.Main.Automation">
    <skipped/>
  </testcase> <!-- update_ps -->
  <testcase name="amazon_bucket" time="0.001" classname="news.co.uk.Main.Automation">
    <skipped/>
  </testcase> <!-- amazon_bucket -->
  <testcase name="slot_selection" time="0.001" classname="news.co.uk.Main.Automation">
    <skipped/>
  </testcase> <!-- slot_selection -->
  <testcase name="app_open" time="0.000" classname="news.co.uk.Main.Automation">
    <skipped/>
  </testcase> <!-- app_open -->
  <testcase name="date_select" time="0.000" classname="news.co.uk.Main.Automation">
    <skipped/>
  </testcase> <!-- date_select -->
  <testcase name="create_pp" time="0.001" classname="news.co.uk.Main.Automation">
    <skipped/>
  </testcase> <!-- create_pp -->
  <testcase name="editionmetadata" time="0.001" classname="news.co.uk.Main.Automation">
    <skipped/>
  </testcase> <!-- editionmetadata -->
  <testcase name="preview" time="0.000" classname="news.co.uk.Main.Automation">
    <skipped/>
  </testcase> <!-- preview -->
  <testcase name="article_timestamp" time="0.001" classname="news.co.uk.Main.Automation">
    <skipped/>
  </testcase> <!-- article_timestamp -->
  <testcase name="test1" time="0.000" classname="news.co.uk.Main.Automation">
    <skipped/>
  </testcase> <!-- test1 -->
  <testcase name="story_creation" time="0.000" classname="news.co.uk.Main.Automation">
    <error type="org.testng.TestNGException" message="
Method story_creation requires 3 parameters but 0 were supplied in the @Test annotation.">
      <![CDATA[org.testng.TestNGException: 
Method story_creation requires 3 parameters but 0 were supplied in the @Test annotation.
	at org.testng.internal.Parameters.checkParameterTypes(Parameters.java:193)
	at org.testng.internal.Parameters.createParameters(Parameters.java:129)
	at org.testng.internal.Parameters.createParameters(Parameters.java:385)
	at org.testng.internal.Parameters.handleParameters(Parameters.java:495)
	at org.testng.internal.Invoker.handleParameters(Invoker.java:1253)
	at org.testng.internal.Invoker.createParameters(Invoker.java:980)
	at org.testng.internal.Invoker.invokeTestMethods(Invoker.java:1070)
	at org.testng.internal.TestMethodWorker.invokeTestMethods(TestMethodWorker.java:129)
	at org.testng.internal.TestMethodWorker.run(TestMethodWorker.java:112)
	at org.testng.TestRunner.privateRun(TestRunner.java:753)
	at org.testng.TestRunner.run(TestRunner.java:607)
	at org.testng.SuiteRunner.runTest(SuiteRunner.java:368)
	at org.testng.SuiteRunner.runSequentially(SuiteRunner.java:363)
	at org.testng.SuiteRunner.privateRun(SuiteRunner.java:321)
	at org.testng.SuiteRunner.run(SuiteRunner.java:270)
	at org.testng.SuiteRunnerWorker.runSuite(SuiteRunnerWorker.java:52)
	at org.testng.SuiteRunnerWorker.run(SuiteRunnerWorker.java:86)
	at org.testng.TestNG.runSuitesSequentially(TestNG.java:1284)
	at org.testng.TestNG.runSuitesLocally(TestNG.java:1209)
	at org.testng.TestNG.runSuites(TestNG.java:1124)
	at org.testng.TestNG.run(TestNG.java:1096)
	at org.testng.remote.AbstractRemoteTestNG.run(AbstractRemoteTestNG.java:132)
	at org.testng.remote.RemoteTestNG.initAndRun(RemoteTestNG.java:236)
	at org.testng.remote.RemoteTestNG.main(RemoteTestNG.java:81)
]]>
    </error>
  </testcase> <!-- story_creation -->
  <testcase name="pageplan" time="0.001" classname="news.co.uk.Main.Automation">
    <skipped/>
  </testcase> <!-- pageplan -->
  <testcase name="templatepageclose" time="0.001" classname="news.co.uk.Main.Automation">
    <skipped/>
  </testcase> <!-- templatepageclose -->
</testsuite> <!-- news.co.uk.Main.Automation -->
